-------------------------------------------------------------------------------
Test set: org.ga4gh.AppTest
-------------------------------------------------------------------------------
Tests run: 3, Failures: 0, Errors: 2, Skipped: 0, Time elapsed: 0.233 sec <<< FAILURE!
testAvroByteEncoder(org.ga4gh.AppTest)  Time elapsed: 0.006 sec  <<< ERROR!
java.lang.NullPointerException: null of string in field avroString of org.ga4gh.models.Avrobject
	at org.apache.avro.generic.GenericDatumWriter.npe(GenericDatumWriter.java:93)
	at org.apache.avro.generic.GenericDatumWriter.write(GenericDatumWriter.java:87)
	at org.apache.avro.generic.GenericDatumWriter.write(GenericDatumWriter.java:58)
	at org.ga4gh.AppTest.serializeToByteArray(AppTest.java:71)
	at org.ga4gh.AppTest.testAvroByteEncoder(AppTest.java:50)
	at sun.reflect.NativeMethodAccessorImpl.invoke0(Native Method)
	at sun.reflect.NativeMethodAccessorImpl.invoke(NativeMethodAccessorImpl.java:62)
	at sun.reflect.DelegatingMethodAccessorImpl.invoke(DelegatingMethodAccessorImpl.java:43)
	at java.lang.reflect.Method.invoke(Method.java:497)
	at junit.framework.TestCase.runTest(TestCase.java:176)
	at junit.framework.TestCase.runBare(TestCase.java:141)
	at junit.framework.TestResult$1.protect(TestResult.java:122)
	at junit.framework.TestResult.runProtected(TestResult.java:142)
	at junit.framework.TestResult.run(TestResult.java:125)
	at junit.framework.TestCase.run(TestCase.java:129)
	at junit.framework.TestSuite.runTest(TestSuite.java:252)
	at junit.framework.TestSuite.run(TestSuite.java:247)
	at org.junit.internal.runners.JUnit38ClassRunner.run(JUnit38ClassRunner.java:86)
	at org.apache.maven.surefire.junit4.JUnit4Provider.execute(JUnit4Provider.java:252)
	at org.apache.maven.surefire.junit4.JUnit4Provider.executeTestSet(JUnit4Provider.java:141)
	at org.apache.maven.surefire.junit4.JUnit4Provider.invoke(JUnit4Provider.java:112)
	at sun.reflect.NativeMethodAccessorImpl.invoke0(Native Method)
	at sun.reflect.NativeMethodAccessorImpl.invoke(NativeMethodAccessorImpl.java:62)
	at sun.reflect.DelegatingMethodAccessorImpl.invoke(DelegatingMethodAccessorImpl.java:43)
	at java.lang.reflect.Method.invoke(Method.java:497)
	at org.apache.maven.surefire.util.ReflectionUtils.invokeMethodWithArray(ReflectionUtils.java:189)
	at org.apache.maven.surefire.booter.ProviderFactory$ProviderProxy.invoke(ProviderFactory.java:165)
	at org.apache.maven.surefire.booter.ProviderFactory.invokeProvider(ProviderFactory.java:85)
	at org.apache.maven.surefire.booter.ForkedBooter.runSuitesInProcess(ForkedBooter.java:115)
	at org.apache.maven.surefire.booter.ForkedBooter.main(ForkedBooter.java:75)
Caused by: java.lang.NullPointerException
	at org.apache.avro.specific.SpecificDatumWriter.writeString(SpecificDatumWriter.java:65)
	at org.apache.avro.generic.GenericDatumWriter.write(GenericDatumWriter.java:76)
	at org.apache.avro.generic.GenericDatumWriter.writeField(GenericDatumWriter.java:114)
	at org.apache.avro.generic.GenericDatumWriter.writeRecord(GenericDatumWriter.java:104)
	at org.apache.avro.generic.GenericDatumWriter.write(GenericDatumWriter.java:66)
	... 28 more

testAvroJsonEncoder(org.ga4gh.AppTest)  Time elapsed: 0.022 sec  <<< ERROR!
java.lang.NullPointerException: null of string in field avroString of org.ga4gh.models.Avrobject
	at org.apache.avro.generic.GenericDatumWriter.npe(GenericDatumWriter.java:93)
	at org.apache.avro.generic.GenericDatumWriter.write(GenericDatumWriter.java:87)
	at org.apache.avro.generic.GenericDatumWriter.write(GenericDatumWriter.java:58)
	at org.ga4gh.AppTest.serialize(AppTest.java:59)
	at org.ga4gh.AppTest.testAvroJsonEncoder(AppTest.java:45)
	at sun.reflect.NativeMethodAccessorImpl.invoke0(Native Method)
	at sun.reflect.NativeMethodAccessorImpl.invoke(NativeMethodAccessorImpl.java:62)
	at sun.reflect.DelegatingMethodAccessorImpl.invoke(DelegatingMethodAccessorImpl.java:43)
	at java.lang.reflect.Method.invoke(Method.java:497)
	at junit.framework.TestCase.runTest(TestCase.java:176)
	at junit.framework.TestCase.runBare(TestCase.java:141)
	at junit.framework.TestResult$1.protect(TestResult.java:122)
	at junit.framework.TestResult.runProtected(TestResult.java:142)
	at junit.framework.TestResult.run(TestResult.java:125)
	at junit.framework.TestCase.run(TestCase.java:129)
	at junit.framework.TestSuite.runTest(TestSuite.java:252)
	at junit.framework.TestSuite.run(TestSuite.java:247)
	at org.junit.internal.runners.JUnit38ClassRunner.run(JUnit38ClassRunner.java:86)
	at org.apache.maven.surefire.junit4.JUnit4Provider.execute(JUnit4Provider.java:252)
	at org.apache.maven.surefire.junit4.JUnit4Provider.executeTestSet(JUnit4Provider.java:141)
	at org.apache.maven.surefire.junit4.JUnit4Provider.invoke(JUnit4Provider.java:112)
	at sun.reflect.NativeMethodAccessorImpl.invoke0(Native Method)
	at sun.reflect.NativeMethodAccessorImpl.invoke(NativeMethodAccessorImpl.java:62)
	at sun.reflect.DelegatingMethodAccessorImpl.invoke(DelegatingMethodAccessorImpl.java:43)
	at java.lang.reflect.Method.invoke(Method.java:497)
	at org.apache.maven.surefire.util.ReflectionUtils.invokeMethodWithArray(ReflectionUtils.java:189)
	at org.apache.maven.surefire.booter.ProviderFactory$ProviderProxy.invoke(ProviderFactory.java:165)
	at org.apache.maven.surefire.booter.ProviderFactory.invokeProvider(ProviderFactory.java:85)
	at org.apache.maven.surefire.booter.ForkedBooter.runSuitesInProcess(ForkedBooter.java:115)
	at org.apache.maven.surefire.booter.ForkedBooter.main(ForkedBooter.java:75)
Caused by: java.lang.NullPointerException
	at org.apache.avro.specific.SpecificDatumWriter.writeString(SpecificDatumWriter.java:65)
	at org.apache.avro.generic.GenericDatumWriter.write(GenericDatumWriter.java:76)
	at org.apache.avro.generic.GenericDatumWriter.writeField(GenericDatumWriter.java:114)
	at org.apache.avro.generic.GenericDatumWriter.writeRecord(GenericDatumWriter.java:104)
	at org.apache.avro.generic.GenericDatumWriter.write(GenericDatumWriter.java:66)
	... 28 more

